<?xml version="1.0" encoding="utf-8"?><testsuites><testsuite name="pytest" errors="0" failures="0" skipped="3" tests="19" time="0.155" timestamp="2025-04-27T17:13:31.189268-03:00" hostname="NotebookGio"><testcase classname="tests.test_pytest" name="test_quando_brincadeira_receber_1_entao_deve_retornar_1" time="0.002" /><testcase classname="tests.test_pytest" name="test_quando_brincadeira_receber_2_entao_deve_retornar_2" time="0.001" /><testcase classname="tests.test_pytest" name="test_quando_brincadeira_receber_3_entao_deve_retornar_queijo" time="0.001" /><testcase classname="tests.test_pytest" name="test_quando_brincadeira_receber_5_entao_deve_retornar_goiabada" time="0.001" /><testcase classname="tests.test_pytest" name="test_quando_brincadeira_receber_10_entao_deve_retornar_goiabada" time="0.001" /><testcase classname="tests.test_pytest" name="test_quando_brincadeira_receber__1_entao_deve_retornar_None" time="0.000"><skipped type="pytest.skip" message="ainda não implementei">C:\Users\giova\Qualidade e Testes de Software\Estudo_pytest\tests\test_pytest.py:69: ainda não implementei</skipped></testcase><testcase classname="tests.test_pytest" name="test_brincadeira_deve_retornar_queijo_com_multiplos_de_3[3]" time="0.001" /><testcase classname="tests.test_pytest" name="test_brincadeira_deve_retornar_queijo_com_multiplos_de_3[6]" time="0.001" /><testcase classname="tests.test_pytest" name="test_brincadeira_deve_retornar_queijo_com_multiplos_de_3[9]" time="0.001" /><testcase classname="tests.test_pytest" name="test_brincadeira_deve_retornar_queijo_com_multiplos_de_3[12]" time="0.001" /><testcase classname="tests.test_pytest" name="test_brincadeira_deve_retornar_queijo_com_multiplos_de_3[18]" time="0.001" /><testcase classname="tests.test_pytest" name="test_brincadeira_deve_retornar_valor_esperado[1-1]" time="0.001" /><testcase classname="tests.test_pytest" name="test_brincadeira_deve_retornar_valor_esperado[2-2]" time="0.001" /><testcase classname="tests.test_pytest" name="test_brincadeira_deve_retornar_valor_esperado[3-queijo]" time="0.001" /><testcase classname="tests.test_pytest" name="test_brincadeira_deve_retornar_valor_esperado[4-4]" time="0.001" /><testcase classname="tests.test_pytest" name="test_brincadeira_deve_retornar_valor_esperado[5-goiabada]" time="0.001" /><testcase classname="tests.test_pytest" name="test_xfail_windows" time="0.001"><skipped type="pytest.xfail" message="Funcionalidade não suportada no Windows" /></testcase><testcase classname="tests.test_pytest" name="test_xfail2" time="0.001" /><testcase classname="tests.test_pytest" name="test_xfail_windows_skip" time="0.000"><skipped type="pytest.skip" message="Teste pulado no Windows devido a comportamento instável">C:\Users\giova\Qualidade e Testes de Software\Estudo_pytest\tests\test_pytest.py:107: Teste pulado no Windows devido a comportamento instável</skipped></testcase></testsuite></testsuites>